<?xml version="1.0" encoding="UTF-8"?>
<testsuite xmlns:xsi="http://www.w3.org/2001/XMLSchema-instance" xsi:noNamespaceSchemaLocation="https://maven.apache.org/surefire/maven-surefire-plugin/xsd/surefire-test-report.xsd" version="3.0.2" name="br.com.projetomod38.service.ClienteServiceTest" time="0.059" tests="4" errors="0" skipped="0" failures="0">
  <properties>
[...]
</properties>
  <testcase name="deveLancarErroQuandoTelefoneForInvalido" classname="br.com.projetomod38.service.ClienteServiceTest" time="0.028"/>
  <testcase name="deveLancarErroQuandoEmailForInvalido" classname="br.com.projetomod38.service.ClienteServiceTest" time="0.001"/>
  <testcase name="deveValidarClienteCorretamente" classname="br.com.projetomod38.service.ClienteServiceTest" time="0.001"/>
  <testcase name="deveLancarErroQuandoNomeForInvalido" classname="br.com.projetomod38.service.ClienteServiceTest" time="0.001"/>
</testsuite>